\BOOKMARK [0][-]{chapter*.1}{\376\377\000A\000v\000e\000r\000t\000i\000s\000s\000e\000m\000e\000n\000t}{}% 1
\BOOKMARK [0][-]{chapter*.2}{\376\377\000A\000p\000p\000r\000o\000b\000a\000t\000i\000o\000n}{}% 2
\BOOKMARK [0][-]{chapter*.3}{\376\377\000D\000\351\000d\000i\000c\000a\000c\000e}{}% 3
\BOOKMARK [0][-]{chapter*.4}{\376\377\000R\000e\000m\000e\000r\000c\000i\000e\000m\000e\000n\000t\000s}{}% 4
\BOOKMARK [0][-]{chapter*.4}{\376\377\000S\000i\000g\000l\000e\000s\000\040\000e\000t\000\040\000A\000c\000r\000o\000n\000y\000m\000e\000s}{}% 5
\BOOKMARK [0][-]{chapter*.4}{\376\377\000L\000i\000s\000t\000e\000\040\000d\000e\000s\000\040\000t\000a\000b\000l\000e\000a\000u\000x}{}% 6
\BOOKMARK [0][-]{chapter*.5}{\376\377\000L\000i\000s\000t\000e\000\040\000d\000e\000s\000\040\000f\000i\000g\000u\000r\000e\000s}{}% 7
\BOOKMARK [0][-]{chapter*.7}{\376\377\000R\000\351\000s\000u\000m\000\351}{}% 8
\BOOKMARK [0][-]{chapter*.8}{\376\377\000A\000b\000s\000t\000r\000a\000c\000t}{}% 9
\BOOKMARK [0][-]{chapter*.8}{\376\377\000S\000o\000m\000m\000a\000i\000r\000e}{}% 10
\BOOKMARK [0][-]{chapter*.10}{\376\377\000I\000n\000t\000r\000o\000d\000u\000c\000t\000i\000o\000n}{}% 11
\BOOKMARK [0][-]{chapter.1}{\376\377\000C\000A\000D\000R\000E\000\040\000I\000N\000S\000T\000I\000T\000U\000T\000I\000O\000N\000N\000E\000L\000\040\000E\000T\000\040\000O\000B\000S\000E\000R\000V\000A\000T\000I\000O\000N\000\040\000D\000U\000\040\000S\000T\000A\000G\000E}{}% 12
\BOOKMARK [1][-]{section.1.1}{\376\377\000P\000r\000\351\000s\000e\000n\000t\000a\000t\000i\000o\000n\000\040\000d\000u\000\040\000L\000E\000S\000C\000A\000L}{chapter.1}% 13
\BOOKMARK [2][-]{subsection.1.1.1}{\376\377\000\040\000H\000i\000s\000t\000o\000r\000i\000q\000u\000e\000,\000\040\000m\000i\000s\000s\000i\000o\000n\000s\000,\000\040\000o\000b\000j\000e\000c\000t\000i\000f\000s\000\040\000e\000t\000\040\000a\000c\000t\000i\000v\000i\000t\000\351\000s\000\040\000d\000u\000\040\000L\000E\000S\000C\000A\000L}{section.1.1}% 14
\BOOKMARK [3][-]{subsubsection.1.1.1.1}{\376\377\000H\000i\000s\000t\000o\000r\000i\000q\000u\000e\000\040\000d\000u\000\040\000L\000E\000S\000C\000A\000L}{subsection.1.1.1}% 15
\BOOKMARK [3][-]{subsubsection.1.1.1.2}{\376\377\000M\000i\000s\000s\000i\000o\000n\000s\000\040\000e\000t\000\040\000a\000c\000t\000i\000v\000i\000t\000\351\000s\000\040\000d\000u\000\040\000L\000E\000S\000C\000A\000L}{subsection.1.1.1}% 16
\BOOKMARK [3][-]{subsubsection.1.1.1.3}{\376\377\000O\000b\000j\000e\000c\000t\000i\000f\000s\000\040\000d\000e\000\040\000L\000E\000S\000C\000A\000L}{subsection.1.1.1}% 17
\BOOKMARK [2][-]{subsection.1.1.2}{\376\377\000O\000r\000g\000a\000n\000i\000s\000a\000t\000i\000o\000n\000,\000\040\000f\000o\000n\000c\000t\000i\000o\000n\000n\000e\000m\000e\000n\000t\000,\000\040\000e\000n\000v\000i\000r\000o\000n\000n\000e\000m\000e\000n\000t\000\040\000e\000t\000\040\000l\000o\000c\000a\000l\000i\000s\000a\000t\000i\000o\000n\000\040\000\040\000g\000\351\000o\000g\000r\000a\000p\000h\000i\000q\000u\000e\000\040\000d\000u\000\040\000L\000E\000S\000C\000A\000L}{section.1.1}% 18
\BOOKMARK [3][-]{subsubsection.1.1.2.1}{\376\377\000L\000o\000c\000a\000l\000i\000s\000a\000t\000i\000o\000n\000\040\000e\000t\000\040\000O\000r\000g\000a\000n\000i\000s\000a\000t\000i\000o\000n}{subsection.1.1.2}% 19
\BOOKMARK [3][-]{subsubsection.1.1.2.2}{\376\377\000F\000o\000n\000c\000t\000i\000o\000n\000n\000e\000m\000e\000n\000t}{subsection.1.1.2}% 20
\BOOKMARK [2][-]{subsection.1.1.3}{\376\377\000E\000n\000v\000i\000r\000o\000n\000n\000e\000m\000e\000n\000t\000\040\000m\000i\000c\000r\000o\000\040\000e\000t\000\040\000m\000a\000c\000r\000o}{section.1.1}% 21
\BOOKMARK [3][-]{subsubsection.1.1.3.1}{\376\377\000L\000e\000\040\000m\000i\000c\000r\000o\000-\000e\000n\000v\000i\000r\000o\000n\000n\000e\000m\000e\000n\000t}{subsection.1.1.3}% 22
\BOOKMARK [4][-]{paragraph.1.1.3.1.1}{\376\377\000L\000a\000\040\000C\000o\000n\000c\000u\000r\000r\000e\000n\000c\000e}{subsubsection.1.1.3.1}% 23
\BOOKMARK [4][-]{paragraph.1.1.3.1.2}{\376\377\000L\000a\000\040\000c\000l\000i\000e\000n\000t\000\350\000l\000e}{subsubsection.1.1.3.1}% 24
\BOOKMARK [4][-]{paragraph.1.1.3.1.3}{\376\377\000L\000e\000s\000\040\000f\000o\000u\000r\000n\000i\000s\000s\000e\000u\000r\000s}{subsubsection.1.1.3.1}% 25
\BOOKMARK [3][-]{subsubsection.1.1.3.2}{\376\377\000L\000e\000\040\000m\000a\000c\000r\000o\000-\000e\000n\000v\000i\000r\000o\000n\000n\000e\000m\000e\000n\000t}{subsection.1.1.3}% 26
\BOOKMARK [4][-]{paragraph.1.1.3.2.1}{\376\377\000l\000'\000e\000n\000v\000i\000r\000o\000n\000n\000e\000m\000e\000n\000t\000\040\000p\000o\000l\000i\000t\000i\000c\000o\000-\000l\000\351\000g\000a\000l\000\040\000o\000u\000\040\000r\000\351\000g\000l\000e\000m\000e\000n\000t\000a\000i\000r\000e}{subsubsection.1.1.3.2}% 27
\BOOKMARK [4][-]{paragraph.1.1.3.2.2}{\376\377\000L\000'\000e\000n\000v\000i\000r\000o\000n\000n\000e\000m\000e\000n\000t\000\040\000\351\000c\000o\000n\000o\000m\000i\000q\000u\000e\000\040\000e\000t\000\040\000t\000e\000c\000h\000n\000o\000l\000o\000g\000i\000q\000u\000e}{subsubsection.1.1.3.2}% 28
\BOOKMARK [4][-]{paragraph.1.1.3.2.3}{\376\377\000L\000'\000e\000n\000v\000i\000r\000o\000n\000n\000e\000m\000e\000n\000t\000\040\000d\000\351\000m\000o\000g\000r\000a\000p\000h\000i\000q\000u\000e\000\040\000e\000t\000\040\000s\000o\000c\000i\000o\000c\000u\000l\000t\000u\000r\000e\000l}{subsubsection.1.1.3.2}% 29
\BOOKMARK [1][-]{section.1.2}{\376\377\000D\000\351\000r\000o\000u\000l\000e\000m\000e\000n\000t\000\040\000d\000u\000\040\000s\000t\000a\000g\000e}{chapter.1}% 30
\BOOKMARK [2][-]{subsection.1.2.1}{\376\377\000E\000n\000t\000i\000t\000\351\000e\000s\000\040\000p\000a\000r\000c\000o\000u\000r\000u\000e\000s\000\040\000e\000t\000\040\000t\000\342\000c\000h\000e\000s\000\040\000e\000x\000\351\000c\000u\000t\000\351\000e\000s}{section.1.2}% 31
\BOOKMARK [2][-]{subsection.1.2.2}{\376\377\000O\000b\000s\000e\000r\000v\000a\000t\000i\000o\000n\000s\000\040\000d\000u\000\040\000s\000t\000a\000g\000e\000\040\000e\000t\000\040\000d\000i\000f\000f\000i\000c\000u\000l\000t\000\351\000e\000s\000\040\000r\000e\000n\000c\000o\000n\000t\000r\000\351\000e\000s}{section.1.2}% 32
\BOOKMARK [3][-]{subsubsection.1.2.2.1}{\376\377\000O\000b\000s\000e\000r\000v\000a\000t\000i\000o\000n\000s\000\040\000d\000u\000\040\000s\000t\000a\000g\000e}{subsection.1.2.2}% 33
\BOOKMARK [3][-]{subsubsection.1.2.2.2}{\376\377\000E\000x\000p\000\351\000r\000i\000e\000n\000c\000e\000s\000\040\000a\000c\000c\000u\000m\000u\000l\000\351\000e\000s}{subsection.1.2.2}% 34
\BOOKMARK [0][-]{chapter.2}{\376\377\000C\000A\000D\000R\000E\000\040\000T\000H\000E\000O\000R\000I\000Q\000U\000E\000\040\000E\000T\000\040\000M\000E\000T\000H\000O\000D\000O\000L\000O\000G\000I\000E\000\040\000D\000E\000\040\000L\000'\000E\000T\000U\000D\000E}{}% 35
\BOOKMARK [1][-]{section.2.1}{\376\377\000C\000a\000d\000r\000e\000\040\000t\000h\000\351\000o\000r\000i\000q\000u\000e\000\040\000d\000e\000\040\000l\000'\000\351\000t\000u\000d\000e}{chapter.2}% 36
\BOOKMARK [2][-]{subsection.2.1.1}{\376\377\000P\000r\000o\000b\000l\000\351\000m\000a\000t\000i\000q\000u\000e\000,\000\040\000i\000n\000t\000\351\000r\000\352\000t\000s\000,\000\040\000o\000b\000j\000e\000c\000t\000i\000f\000s\000\040\000e\000t\000\040\000h\000y\000p\000o\000t\000h\000\350\000s\000e\000s\000\040\000d\000e\000\040\000l\000'\000\351\000t\000u\000d\000e}{section.2.1}% 37
\BOOKMARK [3][-]{subsubsection.2.1.1.1}{\376\377\000P\000r\000o\000b\000l\000\351\000m\000a\000t\000i\000q\000u\000e\000\040\000e\000t\000\040\000i\000n\000t\000\351\000r\000\352\000t\000\040\000d\000e\000\040\000l\000'\000\351\000t\000u\000d\000e}{subsection.2.1.1}% 38
\BOOKMARK [3][-]{subsubsection.2.1.1.2}{\376\377\000O\000b\000j\000e\000c\000t\000i\000f\000s\000\040\000d\000e\000\040\000l\000'\000\351\000t\000u\000d\000e}{subsection.2.1.1}% 39
\BOOKMARK [3][-]{subsubsection.2.1.1.3}{\376\377\000H\000y\000p\000o\000t\000h\000\350\000s\000e\000s}{subsection.2.1.1}% 40
\BOOKMARK [2][-]{subsection.2.1.2}{\376\377\000R\000e\000v\000u\000e\000\040\000d\000e\000\040\000l\000i\000t\000t\000\351\000r\000a\000t\000u\000r\000e}{section.2.1}% 41
\BOOKMARK [3][-]{subsubsection.2.1.2.1}{\376\377\000C\000l\000a\000r\000i\000f\000i\000c\000a\000t\000i\000o\000n\000s\000\040\000c\000o\000n\000c\000e\000p\000t\000u\000e\000l\000l\000e\000s}{subsection.2.1.2}% 42
\BOOKMARK [3][-]{subsubsection.2.1.2.2}{\376\377\000T\000r\000a\000v\000a\000u\000x\000\040\000a\000n\000t\000\351\000r\000i\000e\000u\000r\000s}{subsection.2.1.2}% 43
\BOOKMARK [1][-]{section.2.2}{\376\377\000M\000\351\000t\000h\000o\000d\000o\000l\000o\000g\000i\000e\000\040\000d\000e\000\040\000l\000a\000\040\000r\000e\000c\000h\000e\000r\000c\000h\000e}{chapter.2}% 44
\BOOKMARK [2][-]{subsection.2.2.1}{\376\377\000\040\000P\000r\000\351\000s\000e\000n\000t\000a\000t\000i\000o\000n\000\040\000d\000e\000s\000\040\000d\000o\000n\000n\000\351\000e\000s\000\040}{section.2.2}% 45
\BOOKMARK [3][-]{subsubsection.2.2.1.1}{\376\377\000D\000o\000n\000n\000\351\000e\000s\000\040\000b\000r\000u\000t\000e}{subsection.2.2.1}% 46
\BOOKMARK [3][-]{subsubsection.2.2.1.2}{\376\377\000D\000o\000n\000n\000\351\000e\000s\000\040\000p\000r\000\351\000-\000t\000r\000a\000i\000t\000\351}{subsection.2.2.1}% 47
\BOOKMARK [2][-]{subsection.2.2.2}{\376\377\000M\000\351\000t\000h\000o\000d\000e\000,\000\040\000o\000u\000t\000i\000l\000s\000\040\000d\000e\000\040\000c\000o\000l\000l\000e\000c\000t\000e\000\040\000d\000e\000\040\000p\000r\000\351\000-\000t\000r\000a\000i\000t\000e\000m\000e\000n\000t\000\040\000e\000t\000\040\000d\000e\000\040\000t\000r\000a\000i\000t\000e\000m\000e\000n\000t\000s\000\040\000d\000e\000s\000\040\000d\000o\000n\000n\000\351\000e\000s}{section.2.2}% 48
\BOOKMARK [3][-]{subsubsection.2.2.2.1}{\376\377\000M\000\351\000t\000h\000o\000d\000e\000\040\000d\000e\000\040\000c\000o\000l\000l\000e\000c\000t\000e\000\040\000d\000e\000s\000\040\000d\000o\000n\000n\000\351\000e\000s}{subsection.2.2.2}% 49
\BOOKMARK [3][-]{subsubsection.2.2.2.2}{\376\377\000O\000u\000t\000i\000l\000s\000\040\000d\000e\000\040\000t\000r\000a\000i\000t\000e\000m\000e\000n\000t\000\040\000d\000e\000s\000\040\000d\000o\000n\000n\000\351\000e\000s}{subsection.2.2.2}% 50
\BOOKMARK [2][-]{subsection.2.2.3}{\376\377\000P\000r\000o\000f\000i\000l\000\040\000d\000'\000i\000n\000v\000e\000s\000t\000i\000s\000s\000e\000u\000r\000\040\000e\000t\000\040\000p\000a\000r\000a\000m\000\350\000t\000r\000e\000s\000\040\000d\000e\000s\000\040\000s\000t\000r\000a\000t\000\351\000g\000i\000e\000s\000\040\000d\000e\000\040\000t\000r\000a\000i\000n\000g\000.}{section.2.2}% 51
\BOOKMARK [3][-]{subsubsection.2.2.3.1}{\376\377\000P\000r\000o\000f\000i\000l\000\040\000d\000'\000i\000n\000v\000e\000s\000t\000i\000s\000s\000e\000m\000e\000n\000t\000.}{subsection.2.2.3}% 52
\BOOKMARK [3][-]{subsubsection.2.2.3.2}{\376\377\000C\000r\000i\000t\000\350\000r\000e\000s\000\040\000d\000e\000\040\000c\000h\000o\000i\000x\000\040\000d\000e\000s\000\040\000p\000a\000r\000a\000m\000\350\000t\000r\000e\000s\000.}{subsection.2.2.3}% 53
\BOOKMARK [3][-]{subsubsection.2.2.3.3}{\376\377\000O\000u\000t\000i\000l\000s\000\040\000d\000'\000a\000n\000a\000l\000s\000e\000\040\000d\000e\000s\000\040\000d\000o\000n\000n\000\351\000e\000s}{subsection.2.2.3}% 54
\BOOKMARK [3][-]{subsubsection.2.2.3.4}{\376\377\000C\000r\000i\000t\000\350\000r\000e\000\040\000d\000e\000\040\000d\000e\000c\000i\000s\000i\000o\000n\000\040}{subsection.2.2.3}% 55
\BOOKMARK [3][-]{subsubsection.2.2.3.5}{\376\377\000L\000i\000m\000i\000t\000e\000\040\000d\000e\000\040\000l\000'\000\351\000t\000u\000d\000e\000.\000\040}{subsection.2.2.3}% 56
\BOOKMARK [0][-]{chapter.3}{\376\377\000A\000N\000A\000L\000Y\000S\000E\000\040\000D\000E\000S\000\040\000R\000E\000S\000U\000L\000T\000A\000T\000S\000,\000\040\000V\000E\000R\000I\000F\000I\000C\000A\000T\000I\000O\000N\000\040\000E\000T\000\040\000S\000O\000L\000U\000T\000I\000O\000N\000S}{}% 57
\BOOKMARK [1][-]{section.3.1}{\376\377\000C\000o\000l\000l\000e\000c\000t\000e\000\040\000d\000e\000s\000\040\000d\000o\000n\000n\000\351\000e\000s\000\040\000e\000t\000\040\000a\000n\000a\000l\000y\000s\000e\000\040\000d\000e\000s\000\040\000r\000\351\000s\000u\000l\000t\000a\000t\000s}{chapter.3}% 58
\BOOKMARK [2][-]{subsection.3.1.1}{\376\377\000P\000r\000\351\000s\000e\000n\000t\000a\000t\000i\000o\000n\000\040\000d\000e\000s\000\040\000d\000o\000n\000n\000\351\000e\000s\000\040\000e\000t\000\040\000a\000n\000a\000l\000y\000s\000e\000\040\000d\000e\000s\000\040\000r\000\351\000s\000u\000l\000t\000a\000t\000s}{section.3.1}% 59
\BOOKMARK [3][-]{subsubsection.3.1.1.1}{\376\377\000A\000n\000a\000l\000y\000s\000e\000\040\000d\000e\000s\000c\000r\000i\000p\000t\000i\000v\000e\000.}{subsection.3.1.1}% 60
\BOOKMARK [3][-]{subsubsection.3.1.1.2}{\376\377\000A\000n\000a\000l\000y\000s\000e\000\040\000d\000e\000s\000\040\000r\000e\000s\000u\000l\000t\000a\000t\000s\000.}{subsection.3.1.1}% 61
\BOOKMARK [2][-]{subsection.3.1.2}{\376\377\000I\000n\000t\000e\000r\000p\000r\000\351\000t\000a\000t\000i\000o\000n\000\040\000d\000e\000s\000\040\000r\000\351\000s\000u\000l\000t\000a\000t\000s\000\040\000e\000t\000\040\000v\000\351\000r\000i\000f\000i\000c\000a\000t\000i\000o\000n\000s\000\040\000d\000e\000s\000\040\000h\000y\000p\000o\000t\000h\000\350\000s\000e\000s\000.}{section.3.1}% 62
\BOOKMARK [1][-]{section.3.2}{\376\377\000A\000p\000p\000r\000o\000c\000h\000e\000\040\000d\000e\000\040\000s\000o\000l\000u\000t\000i\000o\000n}{chapter.3}% 63
\BOOKMARK [1][-]{chapter*.11}{\376\377\000C\000o\000n\000c\000l\000u\000s\000i\000o\000n}{chapter.3}% 64
\BOOKMARK [1][-]{chapter*.12}{\376\377\000T\000a\000b\000l\000e\000\040\000d\000e\000s\000\040\000m\000a\000t\000i\000\350\000r\000e\000s}{chapter.3}% 65
